<?xml version="1.0" encoding="UTF-8"?>
<!-- Generated by org.testng.reporters.JUnitReportReporter -->
<testsuite hostname="Ayushs-MacBook-Air.local" failures="0" tests="2" name="testing.NewTest" time="0.006" errors="0" timestamp="2024-04-12T11:43:49 IST" skipped="0">
  <testcase classname="testing.NewTest" name="f" time="0.005"/>
  <system-out/>
  <testcase classname="testing.NewTest" name="f" time="0.001"/>
  <system-out/>
</testsuite> <!-- testing.NewTest -->
